[    0.000000] Linux version 4.15.0-99-generic (buildd@lcy01-amd64-013) (gcc version 7.5.0 (Ubuntu 7.5.0-3ubuntu1~18.04)) #100-Ubuntu SMP Wed Apr 22 20:32:56 UTC 2020 (Ubuntu 4.15.0-99.100-generic 4.15.18)
[    0.000000] Command line: BOOT_IMAGE=/boot/vmlinuz-4.15.0-99-generic root=LABEL=cloudimg-rootfs ro console=tty1 console=ttyS0
[    0.000000] KERNEL supported cpus:
[    0.000000]   Intel GenuineIntel
[    0.000000]   AMD AuthenticAMD
[    0.000000]   Centaur CentaurHauls
[    0.000000] x86/fpu: Supporting XSAVE feature 0x001: 'x87 floating point registers'
[    0.000000] x86/fpu: Supporting XSAVE feature 0x002: 'SSE registers'
[    0.000000] x86/fpu: Supporting XSAVE feature 0x004: 'AVX registers'
[    0.000000] x86/fpu: xstate_offset[2]:  576, xstate_sizes[2]:  256
[    0.000000] x86/fpu: Enabled xstate features 0x7, context size is 832 bytes, using 'standard' format.
[    0.000000] e820: BIOS-provided physical RAM map:
[    0.000000] BIOS-e820: [mem 0x0000000000000000-0x000000000009fbff] usable
[    0.000000] BIOS-e820: [mem 0x000000000009fc00-0x000000000009ffff] reserved
[    0.000000] BIOS-e820: [mem 0x00000000000f0000-0x00000000000fffff] reserved
[    0.000000] BIOS-e820: [mem 0x0000000000100000-0x000000003ffeffff] usable
[    0.000000] BIOS-e820: [mem 0x000000003fff0000-0x000000003fffffff] ACPI data
[    0.000000] BIOS-e820: [mem 0x00000000fec00000-0x00000000fec00fff] reserved
[    0.000000] BIOS-e820: [mem 0x00000000fee00000-0x00000000fee00fff] reserved
[    0.000000] BIOS-e820: [mem 0x00000000fffc0000-0x00000000ffffffff] reserved
[    0.000000] NX (Execute Disable) protection: active
[    0.000000] SMBIOS 2.5 present.
[    0.000000] DMI: innotek GmbH VirtualBox/VirtualBox, BIOS VirtualBox 12/01/2006
[    0.000000] Hypervisor detected: KVM
[    0.000000] e820: last_pfn = 0x3fff0 max_arch_pfn = 0x400000000
[    0.000000] MTRR: Disabled
[    0.000000] x86/PAT: MTRRs disabled, skipping PAT initialization too.
[    0.000000] CPU MTRRs all blank - virtualized system.
[    0.000000] x86/PAT: Configuration [0-7]: WB  WT  UC- UC  WB  WT  UC- UC  
[    0.000000] found SMP MP-table at [mem 0x0009fff0-0x0009ffff]
[    0.000000] Scanning 1 areas for low memory corruption
[    0.000000] RAMDISK: [mem 0x35a6b000-0x36d2cfff]
[    0.000000] ACPI: Early table checksum verification disabled
[    0.000000] ACPI: RSDP 0x00000000000E0000 000024 (v02 VBOX  )
[    0.000000] ACPI: XSDT 0x000000003FFF0030 00003C (v01 VBOX   VBOXXSDT 00000001 ASL  00000061)
[    0.000000] ACPI: FACP 0x000000003FFF00F0 0000F4 (v04 VBOX   VBOXFACP 00000001 ASL  00000061)
[    0.000000] ACPI: DSDT 0x000000003FFF0470 0022EA (v02 VBOX   VBOXBIOS 00000002 INTL 20100528)
[    0.000000] ACPI: FACS 0x000000003FFF0200 000040
[    0.000000] ACPI: FACS 0x000000003FFF0200 000040
[    0.000000] ACPI: APIC 0x000000003FFF0240 00005C (v02 VBOX   VBOXAPIC 00000001 ASL  00000061)
[    0.000000] ACPI: SSDT 0x000000003FFF02A0 0001CC (v01 VBOX   VBOXCPUT 00000002 INTL 20100528)
[    0.000000] No NUMA configuration found
[    0.000000] Faking a node at [mem 0x0000000000000000-0x000000003ffeffff]
[    0.000000] NODE_DATA(0) allocated [mem 0x3ffc5000-0x3ffeffff]
[    0.000000] kvm-clock: cpu 0, msr 0:3ff44001, primary cpu clock
[    0.000000] kvm-clock: Using msrs 4b564d01 and 4b564d00
[    0.000000] kvm-clock: using sched offset of 6021531495 cycles
[    0.000000] clocksource: kvm-clock: mask: 0xffffffffffffffff max_cycles: 0x1cd42e4dffb, max_idle_ns: 881590591483 ns
[    0.000000] Zone ranges:
[    0.000000]   DMA      [mem 0x0000000000001000-0x0000000000ffffff]
[    0.000000]   DMA32    [mem 0x0000000001000000-0x000000003ffeffff]
[    0.000000]   Normal   empty
[    0.000000]   Device   empty
[    0.000000] Movable zone start for each node
[    0.000000] Early memory node ranges
[    0.000000]   node   0: [mem 0x0000000000001000-0x000000000009efff]
[    0.000000]   node   0: [mem 0x0000000000100000-0x000000003ffeffff]
[    0.000000] Reserved but unavailable: 98 pages
[    0.000000] Initmem setup node 0 [mem 0x0000000000001000-0x000000003ffeffff]
[    0.000000] ACPI: PM-Timer IO Port: 0x4008
[    0.000000] IOAPIC[0]: apic_id 2, version 32, address 0xfec00000, GSI 0-23
[    0.000000] ACPI: INT_SRC_OVR (bus 0 bus_irq 0 global_irq 2 dfl dfl)
[    0.000000] ACPI: INT_SRC_OVR (bus 0 bus_irq 9 global_irq 9 low level)
[    0.000000] Using ACPI (MADT) for SMP configuration information
[    0.000000] smpboot: Allowing 2 CPUs, 0 hotplug CPUs
[    0.000000] PM: Registered nosave memory: [mem 0x00000000-0x00000fff]
[    0.000000] PM: Registered nosave memory: [mem 0x0009f000-0x0009ffff]
[    0.000000] PM: Registered nosave memory: [mem 0x000a0000-0x000effff]
[    0.000000] PM: Registered nosave memory: [mem 0x000f0000-0x000fffff]
[    0.000000] e820: [mem 0x40000000-0xfebfffff] available for PCI devices
[    0.000000] Booting paravirtualized kernel on KVM
[    0.000000] clocksource: refined-jiffies: mask: 0xffffffff max_cycles: 0xffffffff, max_idle_ns: 7645519600211568 ns
[    0.000000] random: get_random_bytes called from start_kernel+0x99/0x4fd with crng_init=0
[    0.000000] setup_percpu: NR_CPUS:8192 nr_cpumask_bits:2 nr_cpu_ids:2 nr_node_ids:1
[    0.000000] percpu: Embedded 45 pages/cpu s147456 r8192 d28672 u1048576
[    0.000000] PV qspinlock hash table entries: 256 (order: 0, 4096 bytes)
[    0.000000] Built 1 zonelists, mobility grouping on.  Total pages: 257913
[    0.000000] Policy zone: DMA32
[    0.000000] Kernel command line: BOOT_IMAGE=/boot/vmlinuz-4.15.0-99-generic root=LABEL=cloudimg-rootfs ro console=tty1 console=ttyS0
[    0.000000] Memory: 983060K/1048120K available (12300K kernel code, 2481K rwdata, 4268K rodata, 2432K init, 2712K bss, 65060K reserved, 0K cma-reserved)
[    0.000000] SLUB: HWalign=64, Order=0-3, MinObjects=0, CPUs=2, Nodes=1
[    0.000000] Kernel/User page tables isolation: enabled
[    0.000000] ftrace: allocating 39364 entries in 154 pages
[    0.004000] Hierarchical RCU implementation.
[    0.004000] 	RCU restricting CPUs from NR_CPUS=8192 to nr_cpu_ids=2.
[    0.004000] 	Tasks RCU enabled.
[    0.004000] RCU: Adjusting geometry for rcu_fanout_leaf=16, nr_cpu_ids=2
[    0.004000] NR_IRQS: 524544, nr_irqs: 440, preallocated irqs: 16
[    0.004000] Console: colour VGA+ 80x25
[    0.004000] console [tty1] enabled
[    0.004000] console [ttyS0] enabled
[    0.004000] ACPI: Core revision 20170831
[    0.004000] ACPI: 2 ACPI AML tables successfully acquired and loaded
[    0.004000] APIC: Switch to symmetric I/O mode setup
[    0.004000] x2apic enabled
[    0.004000] Switched APIC routing to physical x2apic.
[    0.005184] ..TIMER: vector=0x30 apic1=0 pin1=2 apic2=-1 pin2=-1
[    0.008005] tsc: Detected 1600.000 MHz processor
[    0.012014] Calibrating delay loop (skipped) preset value.. 3200.00 BogoMIPS (lpj=6400000)
[    0.016008] pid_max: default: 32768 minimum: 301
[    0.020045] Security Framework initialized
[    0.021384] Yama: becoming mindful.
[    0.022588] AppArmor: AppArmor initialized
[    0.026754] Dentry cache hash table entries: 131072 (order: 8, 1048576 bytes)
[    0.028390] Inode-cache hash table entries: 65536 (order: 7, 524288 bytes)
[    0.032030] Mount-cache hash table entries: 2048 (order: 2, 16384 bytes)
[    0.036017] Mountpoint-cache hash table entries: 2048 (order: 2, 16384 bytes)
[    0.040603] Last level iTLB entries: 4KB 64, 2MB 8, 4MB 8
[    0.044006] Last level dTLB entries: 4KB 64, 2MB 0, 4MB 0, 1GB 4
[    0.045818] Spectre V1 : Mitigation: usercopy/swapgs barriers and __user pointer sanitization
[    0.048005] Spectre V2 : Mitigation: Full generic retpoline
[    0.052002] Spectre V2 : Spectre v2 / SpectreRSB mitigation: Filling RSB on context switch
[    0.054577] Speculative Store Bypass: Vulnerable
[    0.056050] MDS: Mitigation: Clear CPU buffers
[    0.057473] Freeing SMP alternatives memory: 36K
[    0.171019] smpboot: CPU0: Intel(R) Core(TM) i5-5250U CPU @ 1.60GHz (family: 0x6, model: 0x3d, stepping: 0x4)
[    0.172108] Performance Events: unsupported p6 CPU model 61 no PMU driver, software events only.
[    0.176074] Hierarchical SRCU implementation.
[    0.180968] NMI watchdog: Perf event create on CPU 0 failed with -2
[    0.184007] NMI watchdog: Perf NMI watchdog permanently disabled
[    0.188121] smp: Bringing up secondary CPUs ...
[    0.192143] x86: Booting SMP configuration:
[    0.196008] .... node  #0, CPUs:      #1
[    0.004000] kvm-clock: cpu 1, msr 0:3ff44041, secondary cpu clock
[    0.208035] smp: Brought up 1 node, 2 CPUs
[    0.212014] smpboot: Max logical packages: 1
[    0.216013] smpboot: Total of 2 processors activated (6400.00 BogoMIPS)
[    0.220249] devtmpfs: initialized
[    0.224192] x86/mm: Memory block size: 128MB
[    0.227099] evm: security.selinux
[    0.228011] evm: security.SMACK64
[    0.232010] evm: security.SMACK64EXEC
[    0.233518] evm: security.SMACK64TRANSMUTE
[    0.234811] evm: security.SMACK64MMAP
[    0.236004] evm: security.apparmor
[    0.237167] evm: security.ima
[    0.238434] evm: security.capability
[    0.240166] clocksource: jiffies: mask: 0xffffffff max_cycles: 0xffffffff, max_idle_ns: 7645041785100000 ns
[    0.244025] futex hash table entries: 512 (order: 3, 32768 bytes)
[    0.254648] pinctrl core: initialized pinctrl subsystem
[    0.256154] RTC time: 11:58:18, date: 04/30/20
[    0.260281] NET: Registered protocol family 16
[    0.262501] audit: initializing netlink subsys (disabled)
[    0.264063] audit: type=2000 audit(1588247906.146:1): state=initialized audit_enabled=0 res=1
[    0.272015] cpuidle: using governor ladder
[    0.274229] cpuidle: using governor menu
[    0.276065] ACPI: bus type PCI registered
[    0.277364] acpiphp: ACPI Hot Plug PCI Controller Driver version: 0.5
[    0.280150] PCI: Using configuration type 1 for base access
[    0.284477] HugeTLB registered 2.00 MiB page size, pre-allocated 0 pages
[    0.286327] ACPI: Added _OSI(Module Device)
[    0.288004] ACPI: Added _OSI(Processor Device)
[    0.290160] ACPI: Added _OSI(3.0 _SCP Extensions)
[    0.292010] ACPI: Added _OSI(Processor Aggregator Device)
[    0.296009] ACPI: Added _OSI(Linux-Dell-Video)
[    0.300011] ACPI: Added _OSI(Linux-Lenovo-NV-HDMI-Audio)
[    0.304012] ACPI: Added _OSI(Linux-HPI-Hybrid-Graphics)
[    0.308735] ACPI: Executed 1 blocks of module-level executable AML code
[    0.318968] ACPI: Interpreter enabled
[    0.320030] ACPI: (supports S0 S5)
[    0.321952] ACPI: Using IOAPIC for interrupt routing
[    0.324363] PCI: Using host bridge windows from ACPI; if necessary, use "pci=nocrs" and report a bug
[    0.328263] ACPI: Enabled 2 GPEs in block 00 to 07
[    0.338695] ACPI: PCI Root Bridge [PCI0] (domain 0000 [bus 00-ff])
[    0.340025] acpi PNP0A03:00: _OSC: OS supports [ASPM ClockPM Segments MSI]
[    0.344553] acpi PNP0A03:00: _OSC: not requesting OS control; OS requires [ExtendedConfig ASPM ClockPM MSI]
[    0.348029] acpi PNP0A03:00: fail to add MMCONFIG information, can't access extended PCI configuration space under this bridge.
[    0.353207] PCI host bridge to bus 0000:00
[    0.355007] pci_bus 0000:00: root bus resource [io  0x0000-0x0cf7 window]
[    0.356012] pci_bus 0000:00: root bus resource [io  0x0d00-0xffff window]
[    0.360011] pci_bus 0000:00: root bus resource [mem 0x000a0000-0x000bffff window]
[    0.364010] pci_bus 0000:00: root bus resource [mem 0x40000000-0xfdffffff window]
[    0.368011] pci_bus 0000:00: root bus resource [bus 00-ff]
[    0.374817] pci 0000:00:01.1: legacy IDE quirk: reg 0x10: [io  0x01f0-0x01f7]
[    0.376004] pci 0000:00:01.1: legacy IDE quirk: reg 0x14: [io  0x03f6]
[    0.378082] pci 0000:00:01.1: legacy IDE quirk: reg 0x18: [io  0x0170-0x0177]
[    0.380003] pci 0000:00:01.1: legacy IDE quirk: reg 0x1c: [io  0x0376]
[    0.414826] pci 0000:00:07.0: quirk: [io  0x4000-0x403f] claimed by PIIX4 ACPI
[    0.416035] pci 0000:00:07.0: quirk: [io  0x4100-0x410f] claimed by PIIX4 SMB
[    0.430727] ACPI: PCI Interrupt Link [LNKA] (IRQs 5 9 10 *11)
[    0.432417] ACPI: PCI Interrupt Link [LNKB] (IRQs 5 9 *10 11)
[    0.436136] ACPI: PCI Interrupt Link [LNKC] (IRQs 5 *9 10 11)
[    0.438814] ACPI: PCI Interrupt Link [LNKD] (IRQs 5 9 10 *11)
[    0.441054] SCSI subsystem initialized
[    0.444102] pci 0000:00:02.0: vgaarb: setting as boot VGA device
[    0.446961] pci 0000:00:02.0: vgaarb: VGA device added: decodes=io+mem,owns=io+mem,locks=none
[    0.448039] pci 0000:00:02.0: vgaarb: bridge control possible
[    0.452006] vgaarb: loaded
[    0.453286] ACPI: bus type USB registered
[    0.456047] usbcore: registered new interface driver usbfs
[    0.458253] usbcore: registered new interface driver hub
[    0.460046] usbcore: registered new device driver usb
[    0.464129] EDAC MC: Ver: 3.0.0
[    0.465852] PCI: Using ACPI for IRQ routing
[    0.468427] NetLabel: Initializing
[    0.469775] NetLabel:  domain hash size = 128
[    0.472005] NetLabel:  protocols = UNLABELED CIPSOv4 CALIPSO
[    0.473825] NetLabel:  unlabeled traffic allowed by default
[    0.476141] clocksource: Switched to clocksource kvm-clock
[    0.497965] VFS: Disk quotas dquot_6.6.0
[    0.499767] VFS: Dquot-cache hash table entries: 512 (order 0, 4096 bytes)
[    0.502535] AppArmor: AppArmor Filesystem Enabled
[    0.504538] pnp: PnP ACPI init
[    0.508295] pnp: PnP ACPI: found 3 devices
[    0.525709] clocksource: acpi_pm: mask: 0xffffff max_cycles: 0xffffff, max_idle_ns: 2085701024 ns
[    0.528999] NET: Registered protocol family 2
[    0.530809] TCP established hash table entries: 8192 (order: 4, 65536 bytes)
[    0.533940] TCP bind hash table entries: 8192 (order: 5, 131072 bytes)
[    0.541280] TCP: Hash tables configured (established 8192 bind 8192)
[    0.544167] UDP hash table entries: 512 (order: 2, 16384 bytes)
[    0.546720] UDP-Lite hash table entries: 512 (order: 2, 16384 bytes)
[    0.549348] NET: Registered protocol family 1
[    0.551365] pci 0000:00:00.0: Limiting direct PCI/PCI transfers
[    0.553977] pci 0000:00:01.0: Activating ISA DMA hang workarounds
[    0.557644] pci 0000:00:02.0: Video device with shadowed ROM at [mem 0x000c0000-0x000dffff]
[    0.561078] Unpacking initramfs...
[    1.014514] Freeing initrd memory: 19208K
[    1.016943] clocksource: tsc: mask: 0xffffffffffffffff max_cycles: 0x171024fa93b, max_idle_ns: 440795253189 ns
[    1.022904] platform rtc_cmos: registered platform RTC device (no PNP device found)
[    1.027486] Scanning for low memory corruption every 60 seconds
[    1.032018] Initialise system trusted keyrings
[    1.034969] Key type blacklist registered
[    1.037448] workingset: timestamp_bits=36 max_order=18 bucket_order=0
[    1.043345] zbud: loaded
[    1.046088] squashfs: version 4.0 (2009/01/31) Phillip Lougher
[    1.050285] fuse init (API version 7.26)
[    1.059718] Key type asymmetric registered
[    1.061348] Asymmetric key parser 'x509' registered
[    1.063375] Block layer SCSI generic (bsg) driver version 0.4 loaded (major 246)
[    1.066320] io scheduler noop registered
[    1.067537] io scheduler deadline registered
[    1.070420] io scheduler cfq registered (default)
[    1.073385] ACPI: AC Adapter [AC] (off-line)
[    1.074860] input: Power Button as /devices/LNXSYSTM:00/LNXPWRBN:00/input/input0
[    1.077427] ACPI: Power Button [PWRF]
[    1.078766] input: Sleep Button as /devices/LNXSYSTM:00/LNXSLPBN:00/input/input1
[    1.081426] ACPI: Sleep Button [SLPF]
[    1.083441] Serial: 8250/16550 driver, 32 ports, IRQ sharing enabled
[    1.085340] ACPI: Battery Slot [BAT0] (battery present)
[    1.108902] 00:02: ttyS0 at I/O 0x3f8 (irq = 4, base_baud = 115200) is a 16550A
[    1.113433] Linux agpgart interface v0.103
[    1.116170] loop: module loaded
[    1.118038] scsi host0: ata_piix
[    1.119502] scsi host1: ata_piix
[    1.120698] ata1: PATA max UDMA/33 cmd 0x1f0 ctl 0x3f6 bmdma 0xd000 irq 14
[    1.122835] ata2: PATA max UDMA/33 cmd 0x170 ctl 0x376 bmdma 0xd008 irq 15
[    1.126540] libphy: Fixed MDIO Bus: probed
[    1.128138] tun: Universal TUN/TAP device driver, 1.6
[    1.130136] PPP generic driver version 2.4.2
[    1.131654] ehci_hcd: USB 2.0 'Enhanced' Host Controller (EHCI) Driver
[    1.134198] ehci-pci: EHCI PCI platform driver
[    1.135626] ehci-platform: EHCI generic platform driver
[    1.137576] ohci_hcd: USB 1.1 'Open' Host Controller (OHCI) Driver
[    1.139556] ohci-pci: OHCI PCI platform driver
[    1.141056] ohci-platform: OHCI generic platform driver
[    1.142665] uhci_hcd: USB Universal Host Controller Interface driver
[    1.144649] i8042: PNP: PS/2 Controller [PNP0303:PS2K,PNP0f03:PS2M] at 0x60,0x64 irq 1,12
[    1.147817] serio: i8042 KBD port at 0x60,0x64 irq 1
[    1.149560] serio: i8042 AUX port at 0x60,0x64 irq 12
[    1.151199] mousedev: PS/2 mouse device common for all mice
[    1.154819] input: AT Translated Set 2 keyboard as /devices/platform/i8042/serio0/input/input2
[    1.158400] rtc_cmos rtc_cmos: rtc core: registered rtc_cmos as rtc0
[    1.160585] rtc_cmos rtc_cmos: alarms up to one day, 114 bytes nvram
[    1.162837] i2c /dev entries driver
[    1.164445] device-mapper: uevent: version 1.0.3
[    1.166071] device-mapper: ioctl: 4.37.0-ioctl (2017-09-20) initialised: dm-devel@redhat.com
[    1.169409] ledtrig-cpu: registered to indicate activity on CPUs
[    1.172724] NET: Registered protocol family 10
[    1.182300] Segment Routing with IPv6
[    1.183968] NET: Registered protocol family 17
[    1.187872] Key type dns_resolver registered
[    1.189924] mce: Using 0 MCE banks
[    1.191148] RAS: Correctable Errors collector initialized.
[    1.193823] sched_clock: Marking stable (1193782962, 0)->(1567255260, -373472298)
[    1.202969] registered taskstats version 1
[    1.204818] Loading compiled-in X.509 certificates
[    1.209632] Loaded X.509 cert 'Build time autogenerated kernel key: 7480108fe56bba9284001dfb9078560125be4684'
[    1.213504] zswap: loaded using pool lzo/zbud
[    1.221967] Key type big_key registered
[    1.223535] Key type trusted registered
[    1.227335] Key type encrypted registered
[    1.228783] AppArmor: AppArmor sha1 policy hashing enabled
[    1.231597] ima: No TPM chip found, activating TPM-bypass! (rc=-19)
[    1.233998] ima: Allocated hash algorithm: sha1
[    1.235352] evm: HMAC attrs: 0x1
[    1.236920]   Magic number: 0:850:985
[    1.238392] rtc_cmos rtc_cmos: setting system clock to 2020-04-30 11:58:19 UTC (1588247899)
[    1.241363] BIOS EDD facility v0.16 2004-Jun-25, 0 devices found
[    1.243292] EDD information not available.
[    1.290869] Freeing unused kernel image memory: 2432K
[    1.300626] Write protecting the kernel read-only data: 20480k
[    1.305187] Freeing unused kernel image memory: 2008K
[    1.308987] Freeing unused kernel image memory: 1876K
[    1.320977] x86/mm: Checked W+X mappings: passed, no W+X pages found.
[    1.322906] x86/mm: Checking user space page tables
[    1.330954] x86/mm: Checked W+X mappings: passed, no W+X pages found.
Loading, please wait...
starting version 237
[    1.438465] e1000: Intel(R) PRO/1000 Network Driver - version 7.3.21-k8-NAPI
[    1.441343] e1000: Copyright (c) 1999-2006 Intel Corporation.
[    1.451978] Fusion MPT base driver 3.04.20
[    1.453822] Copyright (c) 1999-2008 LSI Corporation
[    1.477282] Fusion MPT SPI Host driver 3.04.20
[    1.481587] AVX2 version of gcm_enc/dec engaged.
[    1.483149] AES CTR mode by8 optimization enabled
[    1.702452] input: ImExPS/2 Generic Explorer Mouse as /devices/platform/i8042/serio1/input/input4
[    2.080295] e1000 0000:00:03.0 eth0: (PCI:33MHz:32-bit) 02:2b:21:86:a5:be
[    2.082734] e1000 0000:00:03.0 eth0: Intel(R) PRO/1000 Network Connection
[    2.089567] mptbase: ioc0: Initiating bringup
[    2.089758] e1000 0000:00:03.0 enp0s3: renamed from eth0
[    2.188510] ioc0: LSI53C1030 A0: Capabilities={Initiator}
[    2.433568] scsi host2: ioc0: LSI53C1030 A0, FwRev=00000000h, Ports=1, MaxQ=256, IRQ=20
[    2.605995] scsi 2:0:0:0: Direct-Access     VBOX     HARDDISK         1.0  PQ: 0 ANSI: 5
[    3.039892] scsi target2:0:0: Beginning Domain Validation
[    3.046574] scsi target2:0:0: Domain Validation skipping write tests
[    3.050645] scsi target2:0:0: Ending Domain Validation
[    3.052751] scsi target2:0:0: asynchronous
[    3.055087] scsi 2:0:1:0: Direct-Access     VBOX     HARDDISK         1.0  PQ: 0 ANSI: 5
[    3.535742] scsi target2:0:1: Beginning Domain Validation
[    3.538913] random: fast init done
[    3.542087] scsi target2:0:1: Domain Validation skipping write tests
[    3.544508] scsi target2:0:1: Ending Domain Validation
[    3.546591] scsi target2:0:1: asynchronous
[    3.557241] random: systemd-udevd: uninitialized urandom read (16 bytes read)
[    3.559827] random: systemd-udevd: uninitialized urandom read (16 bytes read)
[    3.562491] random: systemd-udevd: uninitialized urandom read (16 bytes read)
[    3.565172] sd 2:0:0:0: Attached scsi generic sg0 type 0
[    3.567357] sd 2:0:0:0: [sda] 20971520 512-byte logical blocks: (10.7 GB/10.0 GiB)
[    3.569824] sd 2:0:0:0: [sda] Write Protect is off
[    3.571797] sd 2:0:0:0: [sda] Incomplete mode parameter data
[    3.573703] sd 2:0:0:0: [sda] Assuming drive cache: write through
[    3.576189] sd 2:0:1:0: Attached scsi generic sg1 type 0
[    3.577841] sd 2:0:1:0: [sdb] 20480 512-byte logical blocks: (10.5 MB/10.0 MiB)
[    3.580386] sd 2:0:1:0: [sdb] Write Protect is off
[    3.582630] sd 2:0:1:0: [sdb] Incomplete mode parameter data
[    3.584912] sd 2:0:1:0: [sdb] Assuming drive cache: write through
[    3.588775]  sda: sda1
[    3.592678] sd 2:0:0:0: [sda] Attached SCSI disk
[    3.595448] sd 2:0:1:0: [sdb] Attached SCSI disk
Begin: Loading essential drivers ... [    5.264055] raid6: sse2x1   gen()  8128 MB/s
[    5.312062] raid6: sse2x1   xor()  5087 MB/s
[    5.360162] raid6: sse2x2   gen()  8157 MB/s
[    5.408580] raid6: sse2x2   xor()  5124 MB/s
[    5.456147] raid6: sse2x4   gen()  9290 MB/s
[    5.504076] raid6: sse2x4   xor()  6202 MB/s
[    5.552142] raid6: avx2x1   gen() 14885 MB/s
[    5.600387] raid6: avx2x1   xor()  9764 MB/s
[    5.648050] raid6: avx2x2   gen() 11588 MB/s
[    5.696093] raid6: avx2x2   xor()  6039 MB/s
[    5.744213] raid6: avx2x4   gen() 10280 MB/s
[    5.792246] raid6: avx2x4   xor()  6236 MB/s
[    5.794599] raid6: using algorithm avx2x1 gen() 14885 MB/s
[    5.797105] raid6: .... xor() 9764 MB/s, rmw enabled
[    5.799228] raid6: using avx2x2 recovery algorithm
[    5.805860] xor: automatically using best checksumming function   avx       
[    5.812776] async_tx: api initialized (async)
done.
Begin: Running /scripts/init-premount ... done.
Begin: Mounting root file system ... Begin: Running /scripts/local-top ... done.
Begin: Running /scripts/local-premount ... [    5.873713] Btrfs loaded, crc32c=crc32c-intel
Scanning for Btrfs filesystems
done.
Warning: fsck not present, so skipping root file system
[    5.936306] EXT4-fs (sda1): mounted filesystem with ordered data mode. Opts: (null)
done.
Begin: Running /scripts/local-bottom ... done.
Begin: Running /scripts/init-bottom ... done.
[    6.267785] ip_tables: (C) 2000-2006 Netfilter Core Team
[    6.293731] systemd[1]: systemd 237 running in system mode. (+PAM +AUDIT +SELINUX +IMA +APPARMOR +SMACK +SYSVINIT +UTMP +LIBCRYPTSETUP +GCRYPT +GNUTLS +ACL +XZ +LZ4 +SECCOMP +BLKID +ELFUTILS +KMOD -IDN2 +IDN -PCRE2 default-hierarchy=hybrid)
[    6.299883] systemd[1]: Detected virtualization oracle.
[    6.301531] systemd[1]: Detected architecture x86-64.

Welcome to [1mUbuntu 18.04.4 LTS[0m!

[    6.313570] systemd[1]: Set hostname to <ubuntu>.
[    6.323119] systemd[1]: Initializing machine ID from random generator.
[    6.324996] systemd[1]: Installed transient /etc/machine-id file.
[    6.941307] systemd[1]: Created slice System Slice.
[[0;32m  OK  [0m] Created slice System Slice.
[    6.946578] systemd[1]: Listening on Device-mapper event daemon FIFOs.
[[0;32m  OK  [0m] Listening on Device-mapper event daemon FIFOs.
[    6.953633] systemd[1]: Listening on udev Kernel Socket.
[[0;32m  OK  [0m] Listening on udev Kernel Socket.
[    6.961773] systemd[1]: Listening on udev Control Socket.
[[0;32m  OK  [0m] Listening on udev Control Socket.
[[0;32m  OK  [0m] Listening on Journal Socket.
         Starting udev Coldplug all Devices...
         Mounting Huge Pages File System...
         Starting Uncomplicated firewall...
         Mounting POSIX Message Queue File System...
[[0;32m  OK  [0m] Created slice User and Session Slice.
         Starting Load Kernel Modules...
[[0;32m  OK  [0m] Created slice system-serial\x2dgetty.slice.
         Starting Remount Root and Kernel File Systems...
[[0;32m  OK  [0m] Started Forward Password Requests to Wall Directory Watch.
         Mounting Kernel Debug File System...
[[0;32m  OK  [0m] Listening on Syslog Socket.
[[0;32m  OK  [0m] Reached target System Time Synchronized.
[[0;32m  OK  [0m] Reached target Slices.
[[0;32m  OK  [0m] Reached target User and Group Name Lookups.
[[0;32m  OK  [0m] Listening on /dev/initctl Compatibility Named Pipe.
[[0;32m  OK  [0m] Listening on Journal Audit Socket.
[[0;32m  OK  [0m] Listening on Journal Socket (/dev/log).
         Starting Journal Service...
[[0;32m  OK  [0m] Listening on LVM2 metadata daemon socket.
         Starting Monitoring of LVM2 mirrors…ng dmeventd or progress polling...
[[0;32m  OK  [0m] Reached target Swap.
         Starting Set the console keyboard layout...
[[0;32m  OK  [0m] Set up automount Arbitrary Executab…rmats File System Automount Point.
[    7.130836] EXT4-fs (sda1): re-mounted. Opts: (null)
[[0;32m  OK  [0m] Listening on LVM2 poll daemon socket.
         Starting Create list of required st…ce nodes for the current kernel...
[[0;32m  OK  [0m] Listening on Network Service Netlink Socket.
[[0;32m  OK  [0m] Mounted Huge Pages File System.
[[0;32m  OK  [0m] Started Uncomplicated firewall.
[[0;32m  OK  [0m] Mounted POSIX Message Queue File System.
[[0;32m  OK  [0m] Started Remount Root and Kernel File Systems.
[[0;32m  OK  [0m] Mounted Kernel Debug File System.
[[0;32m  OK  [0m] Started LVM2 metadata daemon.
[    7.158772] Loading iSCSI transport class v2.0-870.
         Starting Load/Save Random Seed...
[[0;32m  OK  [0m] Started Journal Service.
[[0;32m  OK  [0m] Started Create list of required sta…vice nodes for the current kernel.
[[0;32m  OK  [0m] Started udev Coldplug all Devices.
         Starting Create Static Device Nodes in /dev...
         Starting Flush Journal to Persistent Storage...
[[0;32m  OK  [0m] Started Load/Save Random Seed.
[    7.245356] iscsi: registered transport (tcp)
[[0;32m  OK  [0m] Started Monitoring of LVM2 mirrors,…sing dmeventd or progress polling.
[    7.321601] systemd-journald[403]: Received request to flush runtime journal from PID 1
[    7.358944] iscsi: registered transport (iser)
[[0;32m  OK  [0m] Started Load Kernel Modules.
         Mounting Kernel Configuration File System...
         Starting Apply Kernel Variables...
         Mounting FUSE Control File System...
[[0;32m  OK  [0m] Mounted Kernel Configuration File System.
[[0;32m  OK  [0m] Mounted FUSE Control File System.
[[0;32m  OK  [0m] Started Create Static Device Nodes in /dev.
         Starting udev Kernel Device Manager...
[[0;32m  OK  [0m] Started Flush Journal to Persistent Storage.
[[0;32m  OK  [0m] Started Set the console keyboard layout.
[[0;32m  OK  [0m] Reached target Local File Systems (Pre).
[[0;32m  OK  [0m] Reached target Local File Systems.
         Starting Set console font and keymap...
         Starting Tell Plymouth To Write Out Runtime Data...
         Starting Commit a transient machine-id on disk...
         Starting ebtables ruleset management...
         Starting AppArmor initialization...
         Starting Create Volatile Files and Directories...
[[0;32m  OK  [0m] Started udev Kernel Device Manager.
[[0;32m  OK  [0m] Started Dispatch Password Requests to Console Directory Watch.
[[0;32m  OK  [0m] Reached target Local Encrypted Volumes.
[[0;32m  OK  [0m] Started Apply Kernel Variables.
[[0;32m  OK  [0m] Started Set console font and keymap.
[[0;32m  OK  [0m] Started Tell Plymouth To Write Out Runtime Data.
[[0;32m  OK  [0m] Started Create Volatile Files and Directories.
         Starting Update UTMP about System Boot/Shutdown...
[[0;32m  OK  [0m] Started Update UTMP about System Boot/Shutdown.
[[0;32m  OK  [0m] Started Commit a transient machine-id on disk.
[[0;32m  OK  [0m] Started ebtables ruleset management.
[[0;32m  OK  [0m] Found device /dev/ttyS0.
[[0;32m  OK  [0m] Listening on Load/Save RF Kill Switch Status /dev/rfkill Watch.
[[0;32m  OK  [0m] Started AppArmor initialization.
         Starting Initial cloud-init job (pre-networking)...
[   11.135719] cloud-init[552]: Cloud-init v. 19.4-33-gbb4131a2-0ubuntu1~18.04.1 running 'init-local' at Thu, 30 Apr 2020 11:58:28 +0000. Up 10.65 seconds.
[[0;32m  OK  [0m] Started Initial cloud-init job (pre-networking).
[[0;32m  OK  [0m] Reached target Network (Pre).
         Starting Network Service...
[[0;32m  OK  [0m] Started Network Service.
         Starting Wait for Network to be Configured...
         Starting Network Name Resolution...
[[0;32m  OK  [0m] Started Network Name Resolution.
[[0;32m  OK  [0m] Reached target Network.
[[0;32m  OK  [0m] Reached target Host and Network Name Lookups.
[[0;32m  OK  [0m] Started Wait for Network to be Configured.
         Starting Initial cloud-init job (metadata service crawler)...
[   13.635242] cloud-init[667]: Cloud-init v. 19.4-33-gbb4131a2-0ubuntu1~18.04.1 running 'init' at Thu, 30 Apr 2020 11:58:31 +0000. Up 13.44 seconds.
[   13.638656] cloud-init[667]: ci-info: ++++++++++++++++++++++++++++++++++++++Net device info++++++++++++++++++++++++++++++++++++++
[   13.640503] cloud-init[667]: ci-info: +--------+------+----------------------------+---------------+--------+-------------------+
[   13.643994] cloud-init[667]: ci-info: | Device |  Up  |          Address           |      Mask     | Scope  |     Hw-Address    |
[   13.647294] cloud-init[667]: ci-info: +--------+------+----------------------------+---------------+--------+-------------------+
[   13.649788] cloud-init[667]: ci-info: | enp0s3 | True |         10.0.2.15          | 255.255.255.0 | global | 02:2b:21:86:a5:be |
[   13.653184] cloud-init[667]: ci-info: | enp0s3 | True | fe80::2b:21ff:fe86:a5be/64 |       .       |  link  | 02:2b:21:86:a5:be |
[   13.656141] cloud-init[667]: ci-info: |   lo   | True |         127.0.0.1          |   255.0.0.0   |  host  |         .         |
[   13.658658] cloud-init[667]: ci-info: |   lo   | True |          ::1/128           |       .       |  host  |         .         |
[   13.661363] cloud-init[667]: ci-info: +--------+------+----------------------------+---------------+--------+-------------------+
[   13.664316] cloud-init[667]: ci-info: ++++++++++++++++++++++++++++Route IPv4 info+++++++++++++++++++++++++++++
[   13.667353] cloud-init[667]: ci-info: +-------+-------------+----------+-----------------+-----------+-------+
[   13.673213] cloud-init[667]: ci-info: | Route | Destination | Gateway  |     Genmask     | Interface | Flags |
[   13.677771] cloud-init[667]: ci-info: +-------+-------------+----------+-----------------+-----------+-------+
[   13.682355] cloud-init[667]: ci-info: |   0   |   0.0.0.0   | 10.0.2.2 |     0.0.0.0     |   enp0s3  |   UG  |
[   13.685730] cloud-init[667]: ci-info: |   1   |   10.0.2.0  | 0.0.0.0  |  255.255.255.0  |   enp0s3  |   U   |
[   13.689338] cloud-init[667]: ci-info: |   2   |   10.0.2.2  | 0.0.0.0  | 255.255.255.255 |   enp0s3  |   UH  |
[   13.692611] cloud-init[667]: ci-info: +-------+-------------+----------+-----------------+-----------+-------+
[   13.704471] cloud-init[667]: ci-info: +++++++++++++++++++Route IPv6 info+++++++++++++++++++
[   13.707168] cloud-init[667]: ci-info: +-------+-------------+---------+-----------+-------+
[   13.710043] cloud-init[667]: ci-info: | Route | Destination | Gateway | Interface | Flags |
[   13.712846] cloud-init[667]: ci-info: +-------+-------------+---------+-----------+-------+
[   13.715598] cloud-init[667]: ci-info: |   1   |  fe80::/64  |    ::   |   enp0s3  |   U   |
[   13.718628] cloud-init[667]: ci-info: |   3   |    local    |    ::   |   enp0s3  |   U   |
[   13.721892] cloud-init[667]: ci-info: |   4   |   ff00::/8  |    ::   |   enp0s3  |   U   |
[   13.725582] cloud-init[667]: ci-info: +-------+-------------+---------+-----------+-------+
[   14.658129] cloud-init[667]: Generating public/private rsa key pair.
[   14.659706] cloud-init[667]: Your identification has been saved in /etc/ssh/ssh_host_rsa_key.
[   14.663029] cloud-init[667]: Your public key has been saved in /etc/ssh/ssh_host_rsa_key.pub.
[   14.666665] cloud-init[667]: The key fingerprint is:
[   14.668943] cloud-init[667]: SHA256:OII97bwfjCAZW1pIT6aS2GEZYBXc3cGnbFaQAkOL/EM root@ubuntu-bionic
[   14.672765] cloud-init[667]: The key's randomart image is:
[   14.675247] cloud-init[667]: +---[RSA 2048]----+
[   14.677740] cloud-init[667]: |.oB=*+o oo+      |
[   14.688738] cloud-init[667]: |o=oO..oo + o     |
[   14.690589] cloud-init[667]: |+ =o+E  o +      |
[   14.692482] cloud-init[667]: | . Xo. . =       |
[   14.694484] cloud-init[667]: |  * =o+ S        |
[   14.695918] cloud-init[667]: |   . *.+         |
[   14.697935] cloud-init[667]: |      + o        |
[   14.699870] cloud-init[667]: |       . .       |
[   14.701558] cloud-init[667]: |      ...        |
[   14.703248] cloud-init[667]: +----[SHA256]-----+
[   14.705081] cloud-init[667]: Generating public/private dsa key pair.
[   14.707695] cloud-init[667]: Your identification has been saved in /etc/ssh/ssh_host_dsa_key.
[   14.710967] cloud-init[667]: Your public key has been saved in /etc/ssh/ssh_host_dsa_key.pub.
[   14.713476] cloud-init[667]: The key fingerprint is:
[   14.715776] cloud-init[667]: SHA256:DdrVIjWUHdRZqG/DKAZtLwJmsVuG3cQ7f+GHo1BLp+g root@ubuntu-bionic
[   14.719175] cloud-init[667]: The key's randomart image is:
[   14.720862] cloud-init[667]: +---[DSA 1024]----+
[   14.722268] cloud-init[667]: |         o++oo +.|
[   14.724029] cloud-init[667]: |      .  .+o. +  |
[   14.725419] cloud-init[667]: |       =o+o...   |
[   14.726737] cloud-init[667]: |      *o==*.+ o  |
[   14.728102] cloud-init[667]: |     o.=So.B O o |
[   14.729604] cloud-init[667]: |      . . * * X .|
[   14.731394] cloud-init[667]: |         + + + + |
[   14.733464] cloud-init[667]: |          E .    |
[   14.734783] cloud-init[667]: |                 |
[   14.736312] cloud-init[667]: +----[SHA256]-----+
[   14.737643] cloud-init[667]: Generating public/private ecdsa key pair.
[[0;32m  OK  [0m] Started Initial cloud-init job (metadata service crawler).
[   14.756458] cloud-init[[0;32m  OK  [0m] Reached target System Initialization.
[[0;32m  OK  [0m] Started Daily apt download activities.
[667]: Your identification has been saved in /etc/ssh/ssh_host_ecdsa_key.[[0;32m  OK  [0m] Started Daily apt upgrade and clean activities.
[[0;32m  OK  [0m] Listening on UUID daemon activation socket.
[[0;32m  OK  [0m] Listening on D-Bus System Message Bus Socket.

[[0;32m  OK  [0m] Started Discard unused blocks once a week.
[   14.770928] cloud-init[667]: Your public key has been saved in /etc/ssh/ssh_host_ecdsa_key.pub.
[   14.773884] cloud-init[667]: The key fingerprint is:
[   14.775539] cloud-init         Starting LXD - unix socket.
[[0;32m  OK  [0m] Listening on ACPID Listen Socket.
[[0;32m  OK  [0m] Listening on Open-iSCSI iscsid Socket.
[667]: SHA256:Or229oVBTgX9kFHcyYQ3V7f1bXITGBx8CyD9yT4+D1M root@ubuntu-bionic
[[0;32m  OK  [0m] Started ACPI Events Check.
[[0;32m  OK  [0m] Reached target Paths.
[[0;32m  OK  [0m] Started Daily Cleanup of Temporary Directories.
[[0;32m  OK  [0m] Started Message of the Day.
[[0;32m  OK  [0m] Reached target Timers.
[   14.801958] cloud-init[667]: The key's randomart image is:         Starting Socket activation for snappy daemon.
[[0;32m  OK  [0m] Reached target Network is Online.

[   14.820581] cloud-init[667]: +---[ECDSA 256]---+         
Starting Availability of block devices...
[[0;32m  OK  [0m] Reached target Remote File Systems (Pre).
[[0;32m  OK  [0m] Reached target Remote File Systems.
[[0;32m  OK  [0m] Reached target Cloud-config availability.
[[0;32m  OK  [0m] Listening on LXD - unix socket.
[[0;32m  OK  [0m] Listening on Socket activation for snappy daemon.
[[0;32m  OK  [0m] Started Availability of block devices.
[[0;32m  OK  [0m] Reached target Sockets.
[[0;32m  OK  [0m] Reached target Basic System.
         Starting Permit User Sessions...
         Starting Virtualbox guest utils...
[[0;32m  OK  [0m] Started Deferred execution scheduler.
[   14.827920] cloud-init[667]: |         .o+*BO+*|
[   14.860828] cloud-init[667]: |          .o+*.*X|
[[0;32m  OK  [0m] Started irqbalance daemon.
         Starting Accounts Service...
[   14.879832] cloud-init[667]: |          o oo*oO|
[   14.886815] cloud-init[667]: |         +   +.=.|
[   14.889320] cloud-init[667]: |        S o .  E |
[   14.892100] cloud-init[667]: |       o   o o.  |
[   14.894577] cloud-init[667]: |      o . . oo.  |
[   14.896563] cloud-init[667]: |       .o. . oo  |
[   14.898601] cloud-init[667]: |       ooo.   o. |
[   14.900547] cloud-init[667]: +----[SHA256]-----+
[   14.902356] cloud-init[667]: Generating public/private ed25519 key pair.
[   14.904937] cloud-init[667]: Your identification has been saved in /etc/ssh/ssh_host_ed25519_key.
[   14.908515] cloud-init[667]: Your public key has been saved in /etc/ssh/ssh_host_ed25519_key.pub.
[   14.914698] cloud-init[667]: The key fingerprint is:
[   14.916261] cloud-init[667]: SHA256:iZgTkR0p6NSN3cjDZ55rMAZo39rCILgOGE6yGgWKzIc root@ubuntu-bionic
[   14.923102] cloud-init[667]: The key's randomart image is:
[   14.925363] cloud-init[667]: +--[ED25519 256]--+
[   14.928433] cloud-init[667]: |   +.O.=         |
[   14.930056] cloud-init[667]: |. = *.X +        |
[   14.931942] cloud-init[667]: |*=...+ = .       |
[   14.933605] cloud-init[667]: |BE+..+=.o.       |
[   14.935516] cloud-init[667]: |=*.o++.oS.       |
[   14.936795] cloud-init[667]: |*.  +.. o        |
[   14.938636] cloud-init[667]: |+.   . .         |
[   14.940666] cloud-init[667]: |..               |
[   14.943396] cloud-init[667]: |                 |
[   14.945070] cloud-init[667]: +----[SHA256]-----+
         Starting Dispatcher daemon for systemd-networkd...
         Starting Snappy daemon...
         Starting System Logging Service...
[[0;32m  OK  [0m] Started Regular background program processing daemon.
         Starting Login Service...
[[0;32m  OK  [0m] Started D-Bus System Message Bus.
         Starting LSB: Record successful boot for GRUB...
         Starting LSB: automatic crash report generation...
[[0;32m  OK  [0m] Started FUSE filesystem for LXC.
         Starting Pollinate to seed the pseudo random number generator...
         Starting LXD - container startup/shutdown...
[[0;32m  OK  [0m] Started System Logging Service.
[[0;32m  OK  [0m] Started Permit User Sessions.
[[0;32m  OK  [0m] Started Login Service.
[[0;32m  OK  [0m] Started Unattended Upgrades Shutdown.
         Starting Terminate Plymouth Boot Screen...
         Starting Hold until boot process finishes up...
[[0;32m  OK  [0m] Started Hold until boot process finishes up.
[[0;32m  OK  [0m] Started Terminate Plymouth Boot Screen.
[[0;32m  OK  [0m] Started Serial Getty on ttyS0.
         Starting Set console scheme...
         Starting Authorization Manager...
[[0;32m  OK  [0m] Started Set console scheme.
[[0;32m  OK  [0m] Created slice system-getty.slice.
[[0;32m  OK  [0m] Started Getty on tty1.
[[0;32m  OK  [0m] Reached target Login Prompts.
[[0;32m  OK  [0m] Started LSB: automatic crash report generation.
[[0;32m  OK  [0m] Started LSB: Record successful boot for GRUB.
[[0;32m  OK  [0m] Started Virtualbox guest utils.
[[0;32m  OK  [0m] Started Dispatcher daemon for systemd-networkd.
[[0;32m  OK  [0m] Started LXD - container startup/shutdown.
[[0;32m  OK  [0m] Started Authorization Manager.
[[0;32m  OK  [0m] Started Accounts Service.
[[0;32m  OK  [0m] Started Snappy daemon.
         Starting Wait until snapd is fully seeded...
[[0;32m  OK  [0m] Started Pollinate to seed the pseudo random number generator.
         Starting OpenBSD Secure Shell server...
[[0;32m  OK  [0m] Started OpenBSD Secure Shell server.
[[0;32m  OK  [0m] Created slice User Slice of vagrant.
         Starting User Manager for UID 1000...
[[0;32m  OK  [0m] Started Session 1 of user vagrant.
[[0;32m  OK  [0m] Started User Manager for UID 1000.
[[0;32m  OK  [0m] Started Wait until snapd is fully seeded.
         Starting Apply the settings specified in cloud-config...
[[0;32m  OK  [0m] Reached target Multi-User System.
[[0;32m  OK  [0m] Reached target Graphical Interface.
         Starting Update UTMP about System Runlevel Changes...
[[0;32m  OK  [0m] Started Update UTMP about System Runlevel Changes.
[   20.998177] cloud-init[1234]: Cloud-init v. 19.4-33-gbb4131a2-0ubuntu1~18.04.1 running 'modules:config' at Thu, 30 Apr 2020 11:58:38 +0000. Up 20.04 seconds.

Ubuntu 18.04.4 LTS ubuntu-bionic ttyS0

ubuntu-bionic login: ci-info: no authorized SSH keys fingerprints found for user ubuntu.
<14>Apr 30 11:58:40 ec2: 
<14>Apr 30 11:58:40 ec2: #############################################################
<14>Apr 30 11:58:40 ec2: -----BEGIN SSH HOST KEY FINGERPRINTS-----
<14>Apr 30 11:58:40 ec2: 1024 SHA256:DdrVIjWUHdRZqG/DKAZtLwJmsVuG3cQ7f+GHo1BLp+g root@ubuntu-bionic (DSA)
<14>Apr 30 11:58:40 ec2: 256 SHA256:Or229oVBTgX9kFHcyYQ3V7f1bXITGBx8CyD9yT4+D1M root@ubuntu-bionic (ECDSA)
<14>Apr 30 11:58:40 ec2: 256 SHA256:iZgTkR0p6NSN3cjDZ55rMAZo39rCILgOGE6yGgWKzIc root@ubuntu-bionic (ED25519)
<14>Apr 30 11:58:40 ec2: 2048 SHA256:OII97bwfjCAZW1pIT6aS2GEZYBXc3cGnbFaQAkOL/EM root@ubuntu-bionic (RSA)
<14>Apr 30 11:58:40 ec2: -----END SSH HOST KEY FINGERPRINTS-----
<14>Apr 30 11:58:40 ec2: #############################################################
-----BEGIN SSH HOST KEY KEYS-----
ecdsa-sha2-nistp256 AAAAE2VjZHNhLXNoYTItbmlzdHAyNTYAAAAIbmlzdHAyNTYAAABBBLcik5UXEWCWGxbiQ6Fcq3MSfCoRHJBldyGeyuCrdVrhJ0v9g/DtdtmkPuAAbZekd8oN42x93gd+LBHlgP/JyBY= root@ubuntu-bionic
ssh-ed25519 AAAAC3NzaC1lZDI1NTE5AAAAIIhbN+TG5BMCAotelfgTfXND/1bUvANT7V4DCXossZ+m root@ubuntu-bionic
ssh-rsa AAAAB3NzaC1yc2EAAAADAQABAAABAQCwj9z1+VFCfw9hquMhvQut2Ym9HVmUuDfNpsB85d0tYyY1h2Wj/I4g28x522AmMtY21mykwrC0t3a+v0KVCow2J1/x1Rbn6aKwGFHmocUhRRGciuRDULEHM2Tgyh5e+FstuUFbfcbgBQZZA/wTmwVQjTAqtU8lwEa8/7eOGHIlK0chZez7NnV2IpNY9hoWiuhsqkqOhS6H8YItWYqbkSnmlesfgBbMQ0O+eU3+KlJZMt+BfSNNC1QfHwxxWAmOeW+tZXPxtPcV/7NU6lF4gHpwTW4ZnUkbkL4ORw2xbpjkk18d8opuc5KKgSMnxic0VVXVne03ZaFUyg1fOmz1Q65V root@ubuntu-bionic
-----END SSH HOST KEY KEYS-----
[   22.408976] cloud-init[1382]: Cloud-init v. 19.4-33-gbb4131a2-0ubuntu1~18.04.1 running 'modules:final' at Thu, 30 Apr 2020 11:58:40 +0000. Up 21.95 seconds.
[   22.410647] cloud-init[1382]: ci-info: no authorized SSH keys fingerprints found for user ubuntu.
[   22.416491] cloud-init[1382]: Cloud-init v. 19.4-33-gbb4131a2-0ubuntu1~18.04.1 finished at Thu, 30 Apr 2020 11:58:40 +0000. Datasource DataSourceNoCloud [seed=/dev/sdb][dsmode=net].  Up 22.35 seconds
